<?xml version="1.0" encoding="UTF-8"?>
<!-- Generated by org.testng.reporters.JUnitXMLReporter -->
<testsuite ignored="0" hostname="DESKTOP-F8PE7CG" failures="0" tests="3" name="Default test" time="18.197" errors="0" timestamp="2020-05-26T18:23:34 EDT">
  <testcase classname="com.test.LoginTest" name="emptyUsernameLogin" time="0.241"/>
  <testcase classname="com.test.LoginTest" name="invalidPasswordLogin" time="0.947"/>
  <testcase classname="com.test.LoginTest" name="validAdminLogin" time="2.03"/>
</testsuite> <!-- Default test -->
