<?xml version="1.0" encoding="UTF-8"?>
<!-- Generated by org.testng.reporters.JUnitXMLReporter -->
<testsuite ignored="0" hostname="DESKTOP-F8PE7CG" failures="0" tests="3" name="Test" time="0.037" errors="0" timestamp="2020-05-26T17:00:15 EDT">
  <testcase classname="com.TestNG__class01.TestNGDemo" name="testOne" time="0.007"/>
  <testcase classname="com.TestNG__class01.TestNGDemo" name="testThree" time="0.001"/>
  <testcase classname="com.TestNG__class01.TestNGDemo" name="testTwo" time="0.001"/>
</testsuite> <!-- Test -->
