<?xml version="1.0" encoding="UTF-8"?>
<testng-results ignored="0" total="3" passed="3" failed="0" skipped="0">
  <reporter-output>
  </reporter-output>
  <suite started-at="2020-05-26T18:23:16 EDT" name="Default suite" finished-at="2020-05-26T18:23:34 EDT" duration-ms="18197">
    <groups>
    </groups>
    <test started-at="2020-05-26T18:23:16 EDT" name="Default test" finished-at="2020-05-26T18:23:34 EDT" duration-ms="18197">
      <class name="com.test.LoginTest">
        <test-method is-config="true" signature="setUp()[pri:0, instance:com.test.LoginTest@d4342c2]" started-at="2020-05-26T18:23:16 EDT" name="setUp" finished-at="2020-05-26T18:23:20 EDT" duration-ms="4635" status="PASS">
          <reporter-output>
          </reporter-output>
        </test-method> <!-- setUp -->
        <test-method signature="emptyUsernameLogin()[pri:0, instance:com.test.LoginTest@d4342c2]" started-at="2020-05-26T18:23:20 EDT" name="emptyUsernameLogin" finished-at="2020-05-26T18:23:21 EDT" duration-ms="241" status="PASS">
          <reporter-output>
          </reporter-output>
        </test-method> <!-- emptyUsernameLogin -->
        <test-method is-config="true" signature="tearDown()[pri:0, instance:com.test.LoginTest@d4342c2]" started-at="2020-05-26T18:23:21 EDT" name="tearDown" finished-at="2020-05-26T18:23:21 EDT" duration-ms="612" status="PASS">
          <reporter-output>
          </reporter-output>
        </test-method> <!-- tearDown -->
        <test-method is-config="true" signature="setUp()[pri:0, instance:com.test.LoginTest@d4342c2]" started-at="2020-05-26T18:23:21 EDT" name="setUp" finished-at="2020-05-26T18:23:25 EDT" duration-ms="4240" status="PASS">
          <reporter-output>
          </reporter-output>
        </test-method> <!-- setUp -->
        <test-method signature="invalidPasswordLogin()[pri:0, instance:com.test.LoginTest@d4342c2]" started-at="2020-05-26T18:23:25 EDT" name="invalidPasswordLogin" finished-at="2020-05-26T18:23:26 EDT" duration-ms="947" status="PASS">
          <reporter-output>
          </reporter-output>
        </test-method> <!-- invalidPasswordLogin -->
        <test-method is-config="true" signature="tearDown()[pri:0, instance:com.test.LoginTest@d4342c2]" started-at="2020-05-26T18:23:26 EDT" name="tearDown" finished-at="2020-05-26T18:23:27 EDT" duration-ms="619" status="PASS">
          <reporter-output>
          </reporter-output>
        </test-method> <!-- tearDown -->
        <test-method is-config="true" signature="setUp()[pri:0, instance:com.test.LoginTest@d4342c2]" started-at="2020-05-26T18:23:27 EDT" name="setUp" finished-at="2020-05-26T18:23:31 EDT" duration-ms="4035" status="PASS">
          <reporter-output>
          </reporter-output>
        </test-method> <!-- setUp -->
        <test-method signature="validAdminLogin()[pri:0, instance:com.test.LoginTest@d4342c2]" started-at="2020-05-26T18:23:31 EDT" name="validAdminLogin" finished-at="2020-05-26T18:23:33 EDT" duration-ms="2030" status="PASS">
          <reporter-output>
          </reporter-output>
        </test-method> <!-- validAdminLogin -->
        <test-method is-config="true" signature="tearDown()[pri:0, instance:com.test.LoginTest@d4342c2]" started-at="2020-05-26T18:23:33 EDT" name="tearDown" finished-at="2020-05-26T18:23:34 EDT" duration-ms="798" status="PASS">
          <reporter-output>
          </reporter-output>
        </test-method> <!-- tearDown -->
      </class> <!-- com.test.LoginTest -->
    </test> <!-- Default test -->
  </suite> <!-- Default suite -->
</testng-results>
